Determining if the include file dlfcn.h exists failed with the following output:
Change Dir: C:/Users/JohnD/source/repos/ghostpdl/expat/out/build/x64-Debug/CMakeFiles/CMakeTmp

Run Build Command(s):C:/Program Files (x86)/Microsoft Visual Studio/2019/Community/Common7/IDE/CommonExtensions/Microsoft/CMake/Ninja/ninja.exe cmTC_d0389 && [1/2] Building C object CMakeFiles\cmTC_d0389.dir\CheckIncludeFile.c.obj
FAILED: CMakeFiles/cmTC_d0389.dir/CheckIncludeFile.c.obj 
C:\PROGRA~2\MICROS~1\2019\COMMUN~1\VC\Tools\MSVC\1429~1.301\bin\Hostx64\x64\cl.exe  /nologo   /DWIN32 /D_WINDOWS /W3  /MDd /Zi /Ob0 /Od /RTC1 /showIncludes /FoCMakeFiles\cmTC_d0389.dir\CheckIncludeFile.c.obj /FdCMakeFiles\cmTC_d0389.dir\ /FS -c CheckIncludeFile.c
CheckIncludeFile.c(1): fatal error C1083: Cannot open include file: 'dlfcn.h': No such file or directory
ninja: build stopped: subcommand failed.



Determining if the include file strings.h exists failed with the following output:
Change Dir: C:/Users/JohnD/source/repos/ghostpdl/expat/out/build/x64-Debug/CMakeFiles/CMakeTmp

Run Build Command(s):C:/Program Files (x86)/Microsoft Visual Studio/2019/Community/Common7/IDE/CommonExtensions/Microsoft/CMake/Ninja/ninja.exe cmTC_89862 && [1/2] Building C object CMakeFiles\cmTC_89862.dir\CheckIncludeFile.c.obj
FAILED: CMakeFiles/cmTC_89862.dir/CheckIncludeFile.c.obj 
C:\PROGRA~2\MICROS~1\2019\COMMUN~1\VC\Tools\MSVC\1429~1.301\bin\Hostx64\x64\cl.exe  /nologo   /DWIN32 /D_WINDOWS /W3  /MDd /Zi /Ob0 /Od /RTC1 /showIncludes /FoCMakeFiles\cmTC_89862.dir\CheckIncludeFile.c.obj /FdCMakeFiles\cmTC_89862.dir\ /FS -c CheckIncludeFile.c
CheckIncludeFile.c(1): fatal error C1083: Cannot open include file: 'strings.h': No such file or directory
ninja: build stopped: subcommand failed.



Determining if the include file unistd.h exists failed with the following output:
Change Dir: C:/Users/JohnD/source/repos/ghostpdl/expat/out/build/x64-Debug/CMakeFiles/CMakeTmp

Run Build Command(s):C:/Program Files (x86)/Microsoft Visual Studio/2019/Community/Common7/IDE/CommonExtensions/Microsoft/CMake/Ninja/ninja.exe cmTC_aafcb && [1/2] Building C object CMakeFiles\cmTC_aafcb.dir\CheckIncludeFile.c.obj
FAILED: CMakeFiles/cmTC_aafcb.dir/CheckIncludeFile.c.obj 
C:\PROGRA~2\MICROS~1\2019\COMMUN~1\VC\Tools\MSVC\1429~1.301\bin\Hostx64\x64\cl.exe  /nologo   /DWIN32 /D_WINDOWS /W3  /MDd /Zi /Ob0 /Od /RTC1 /showIncludes /FoCMakeFiles\cmTC_aafcb.dir\CheckIncludeFile.c.obj /FdCMakeFiles\cmTC_aafcb.dir\ /FS -c CheckIncludeFile.c
CheckIncludeFile.c(1): fatal error C1083: Cannot open include file: 'unistd.h': No such file or directory
ninja: build stopped: subcommand failed.



Determining if the getpagesize exist failed with the following output:
Change Dir: C:/Users/JohnD/source/repos/ghostpdl/expat/out/build/x64-Debug/CMakeFiles/CMakeTmp

Run Build Command(s):C:/Program Files (x86)/Microsoft Visual Studio/2019/Community/Common7/IDE/CommonExtensions/Microsoft/CMake/Ninja/ninja.exe cmTC_8ec41 && [1/2] Building C object CMakeFiles\cmTC_8ec41.dir\CheckSymbolExists.c.obj
FAILED: CMakeFiles/cmTC_8ec41.dir/CheckSymbolExists.c.obj 
C:\PROGRA~2\MICROS~1\2019\COMMUN~1\VC\Tools\MSVC\1429~1.301\bin\Hostx64\x64\cl.exe  /nologo   /DWIN32 /D_WINDOWS /W3  /MDd /Zi /Ob0 /Od /RTC1 /showIncludes /FoCMakeFiles\cmTC_8ec41.dir\CheckSymbolExists.c.obj /FdCMakeFiles\cmTC_8ec41.dir\ /FS -c CheckSymbolExists.c
CheckSymbolExists.c(2): fatal error C1083: Cannot open include file: 'unistd.h': No such file or directory
ninja: build stopped: subcommand failed.


File C:/Users/JohnD/source/repos/ghostpdl/expat/out/build/x64-Debug/CMakeFiles/CMakeTmp/CheckSymbolExists.c:
/* */
#include <unistd.h>

int main(int argc, char** argv)
{
  (void)argv;
#ifndef getpagesize
  return ((int*)(&getpagesize))[argc];
#else
  (void)argc;
  return 0;
#endif
}
Determining if the mmap exist failed with the following output:
Change Dir: C:/Users/JohnD/source/repos/ghostpdl/expat/out/build/x64-Debug/CMakeFiles/CMakeTmp

Run Build Command(s):C:/Program Files (x86)/Microsoft Visual Studio/2019/Community/Common7/IDE/CommonExtensions/Microsoft/CMake/Ninja/ninja.exe cmTC_8b2f7 && [1/2] Building C object CMakeFiles\cmTC_8b2f7.dir\CheckSymbolExists.c.obj
FAILED: CMakeFiles/cmTC_8b2f7.dir/CheckSymbolExists.c.obj 
C:\PROGRA~2\MICROS~1\2019\COMMUN~1\VC\Tools\MSVC\1429~1.301\bin\Hostx64\x64\cl.exe  /nologo   /DWIN32 /D_WINDOWS /W3  /MDd /Zi /Ob0 /Od /RTC1 /showIncludes /FoCMakeFiles\cmTC_8b2f7.dir\CheckSymbolExists.c.obj /FdCMakeFiles\cmTC_8b2f7.dir\ /FS -c CheckSymbolExists.c
CheckSymbolExists.c(2): fatal error C1083: Cannot open include file: 'sys/mman.h': No such file or directory
ninja: build stopped: subcommand failed.


File C:/Users/JohnD/source/repos/ghostpdl/expat/out/build/x64-Debug/CMakeFiles/CMakeTmp/CheckSymbolExists.c:
/* */
#include <sys/mman.h>

int main(int argc, char** argv)
{
  (void)argv;
#ifndef mmap
  return ((int*)(&mmap))[argc];
#else
  (void)argc;
  return 0;
#endif
}
Determining if the getrandom exist failed with the following output:
Change Dir: C:/Users/JohnD/source/repos/ghostpdl/expat/out/build/x64-Debug/CMakeFiles/CMakeTmp

Run Build Command(s):C:/Program Files (x86)/Microsoft Visual Studio/2019/Community/Common7/IDE/CommonExtensions/Microsoft/CMake/Ninja/ninja.exe cmTC_f0de6 && [1/2] Building C object CMakeFiles\cmTC_f0de6.dir\CheckSymbolExists.c.obj
FAILED: CMakeFiles/cmTC_f0de6.dir/CheckSymbolExists.c.obj 
C:\PROGRA~2\MICROS~1\2019\COMMUN~1\VC\Tools\MSVC\1429~1.301\bin\Hostx64\x64\cl.exe  /nologo   /DWIN32 /D_WINDOWS /W3  /MDd /Zi /Ob0 /Od /RTC1 /showIncludes /FoCMakeFiles\cmTC_f0de6.dir\CheckSymbolExists.c.obj /FdCMakeFiles\cmTC_f0de6.dir\ /FS -c CheckSymbolExists.c
CheckSymbolExists.c(2): fatal error C1083: Cannot open include file: 'sys/random.h': No such file or directory
ninja: build stopped: subcommand failed.


File C:/Users/JohnD/source/repos/ghostpdl/expat/out/build/x64-Debug/CMakeFiles/CMakeTmp/CheckSymbolExists.c:
/* */
#include <sys/random.h>

int main(int argc, char** argv)
{
  (void)argv;
#ifndef getrandom
  return ((int*)(&getrandom))[argc];
#else
  (void)argc;
  return 0;
#endif
}
Determining if the arc4random_buf exist failed with the following output:
Change Dir: C:/Users/JohnD/source/repos/ghostpdl/expat/out/build/x64-Debug/CMakeFiles/CMakeTmp

Run Build Command(s):C:/Program Files (x86)/Microsoft Visual Studio/2019/Community/Common7/IDE/CommonExtensions/Microsoft/CMake/Ninja/ninja.exe cmTC_ddc55 && [1/2] Building C object CMakeFiles\cmTC_ddc55.dir\CheckSymbolExists.c.obj
FAILED: CMakeFiles/cmTC_ddc55.dir/CheckSymbolExists.c.obj 
C:\PROGRA~2\MICROS~1\2019\COMMUN~1\VC\Tools\MSVC\1429~1.301\bin\Hostx64\x64\cl.exe  /nologo   /DWIN32 /D_WINDOWS /W3  /MDd /Zi /Ob0 /Od /RTC1 /showIncludes /FoCMakeFiles\cmTC_ddc55.dir\CheckSymbolExists.c.obj /FdCMakeFiles\cmTC_ddc55.dir\ /FS -c CheckSymbolExists.c
CheckSymbolExists.c(8): error C2065: 'arc4random_buf': undeclared identifier
ninja: build stopped: subcommand failed.


File C:/Users/JohnD/source/repos/ghostpdl/expat/out/build/x64-Debug/CMakeFiles/CMakeTmp/CheckSymbolExists.c:
/* */
#include <stdlib.h>

int main(int argc, char** argv)
{
  (void)argv;
#ifndef arc4random_buf
  return ((int*)(&arc4random_buf))[argc];
#else
  (void)argc;
  return 0;
#endif
}
Determining if the arc4random exist failed with the following output:
Change Dir: C:/Users/JohnD/source/repos/ghostpdl/expat/out/build/x64-Debug/CMakeFiles/CMakeTmp

Run Build Command(s):C:/Program Files (x86)/Microsoft Visual Studio/2019/Community/Common7/IDE/CommonExtensions/Microsoft/CMake/Ninja/ninja.exe cmTC_ba74b && [1/2] Building C object CMakeFiles\cmTC_ba74b.dir\CheckSymbolExists.c.obj
FAILED: CMakeFiles/cmTC_ba74b.dir/CheckSymbolExists.c.obj 
C:\PROGRA~2\MICROS~1\2019\COMMUN~1\VC\Tools\MSVC\1429~1.301\bin\Hostx64\x64\cl.exe  /nologo   /DWIN32 /D_WINDOWS /W3  /MDd /Zi /Ob0 /Od /RTC1 /showIncludes /FoCMakeFiles\cmTC_ba74b.dir\CheckSymbolExists.c.obj /FdCMakeFiles\cmTC_ba74b.dir\ /FS -c CheckSymbolExists.c
CheckSymbolExists.c(8): error C2065: 'arc4random': undeclared identifier
ninja: build stopped: subcommand failed.


File C:/Users/JohnD/source/repos/ghostpdl/expat/out/build/x64-Debug/CMakeFiles/CMakeTmp/CheckSymbolExists.c:
/* */
#include <stdlib.h>

int main(int argc, char** argv)
{
  (void)argv;
#ifndef arc4random
  return ((int*)(&arc4random))[argc];
#else
  (void)argc;
  return 0;
#endif
}
Determining if the off_t exist failed with the following output:
Change Dir: C:/Users/JohnD/source/repos/ghostpdl/expat/out/build/x64-Debug/CMakeFiles/CMakeTmp

Run Build Command(s):C:/Program Files (x86)/Microsoft Visual Studio/2019/Community/Common7/IDE/CommonExtensions/Microsoft/CMake/Ninja/ninja.exe cmTC_17dda && [1/2] Building C object CMakeFiles\cmTC_17dda.dir\CheckSymbolExists.c.obj
FAILED: CMakeFiles/cmTC_17dda.dir/CheckSymbolExists.c.obj 
C:\PROGRA~2\MICROS~1\2019\COMMUN~1\VC\Tools\MSVC\1429~1.301\bin\Hostx64\x64\cl.exe  /nologo   /DWIN32 /D_WINDOWS /W3  /MDd /Zi /Ob0 /Od /RTC1 /showIncludes /FoCMakeFiles\cmTC_17dda.dir\CheckSymbolExists.c.obj /FdCMakeFiles\cmTC_17dda.dir\ /FS -c CheckSymbolExists.c
CheckSymbolExists.c(8): error C2275: 'off_t': illegal use of this type as an expression
C:\Program Files (x86)\Windows Kits\10\include\10.0.19041.0\ucrt\sys/types.h(46): note: see declaration of 'off_t'
ninja: build stopped: subcommand failed.


File C:/Users/JohnD/source/repos/ghostpdl/expat/out/build/x64-Debug/CMakeFiles/CMakeTmp/CheckSymbolExists.c:
/* */
#include <sys/types.h>

int main(int argc, char** argv)
{
  (void)argv;
#ifndef off_t
  return ((int*)(&off_t))[argc];
#else
  (void)argc;
  return 0;
#endif
}
Determining if the size_t exist failed with the following output:
Change Dir: C:/Users/JohnD/source/repos/ghostpdl/expat/out/build/x64-Debug/CMakeFiles/CMakeTmp

Run Build Command(s):C:/Program Files (x86)/Microsoft Visual Studio/2019/Community/Common7/IDE/CommonExtensions/Microsoft/CMake/Ninja/ninja.exe cmTC_9a102 && [1/2] Building C object CMakeFiles\cmTC_9a102.dir\CheckSymbolExists.c.obj
FAILED: CMakeFiles/cmTC_9a102.dir/CheckSymbolExists.c.obj 
C:\PROGRA~2\MICROS~1\2019\COMMUN~1\VC\Tools\MSVC\1429~1.301\bin\Hostx64\x64\cl.exe  /nologo   /DWIN32 /D_WINDOWS /W3  /MDd /Zi /Ob0 /Od /RTC1 /showIncludes /FoCMakeFiles\cmTC_9a102.dir\CheckSymbolExists.c.obj /FdCMakeFiles\cmTC_9a102.dir\ /FS -c CheckSymbolExists.c
CheckSymbolExists.c(8): error C2275: 'size_t': illegal use of this type as an expression
CheckSymbolExists.c: note: see declaration of 'size_t'
ninja: build stopped: subcommand failed.


File C:/Users/JohnD/source/repos/ghostpdl/expat/out/build/x64-Debug/CMakeFiles/CMakeTmp/CheckSymbolExists.c:
/* */
#include <sys/types.h>

int main(int argc, char** argv)
{
  (void)argv;
#ifndef size_t
  return ((int*)(&size_t))[argc];
#else
  (void)argc;
  return 0;
#endif
}
Performing C SOURCE FILE Test HAVE_SYSCALL_GETRANDOM failed with the following output:
Change Dir: C:/Users/JohnD/source/repos/ghostpdl/expat/out/build/x64-Debug/CMakeFiles/CMakeTmp

Run Build Command(s):C:/Program Files (x86)/Microsoft Visual Studio/2019/Community/Common7/IDE/CommonExtensions/Microsoft/CMake/Ninja/ninja.exe cmTC_d55c1 && [1/2] Building C object CMakeFiles\cmTC_d55c1.dir\src.c.obj
FAILED: CMakeFiles/cmTC_d55c1.dir/src.c.obj 
C:\PROGRA~2\MICROS~1\2019\COMMUN~1\VC\Tools\MSVC\1429~1.301\bin\Hostx64\x64\cl.exe  /nologo -DHAVE_SYSCALL_GETRANDOM  /DWIN32 /D_WINDOWS /W3  /MDd /Zi /Ob0 /Od /RTC1 /showIncludes /FoCMakeFiles\cmTC_d55c1.dir\src.c.obj /FdCMakeFiles\cmTC_d55c1.dir\ /FS -c src.c
src.c(3): fatal error C1083: Cannot open include file: 'unistd.h': No such file or directory
ninja: build stopped: subcommand failed.


Source file was:

        #include <stdlib.h>  /* for NULL */
        #include <unistd.h>  /* for syscall */
        #include <sys/syscall.h>  /* for SYS_getrandom */
        int main() {
            syscall(SYS_getrandom, NULL, 0, 0);
            return 0;
        }
Performing C SOURCE FILE Test FLAG_NO_STRICT_ALIASING failed with the following output:
Change Dir: C:/Users/JohnD/source/repos/ghostpdl/expat/out/build/x64-Debug/CMakeFiles/CMakeTmp

Run Build Command(s):C:/Program Files (x86)/Microsoft Visual Studio/2019/Community/Common7/IDE/CommonExtensions/Microsoft/CMake/Ninja/ninja.exe cmTC_e377d && [1/2] Building C object CMakeFiles\cmTC_e377d.dir\src.c.obj
cl : Command line warning D9002 : ignoring unknown option '-fno-strict-aliasing'
[2/2] Linking C executable cmTC_e377d.exe


Source file was:
int main(void) { return 0; }
Performing C SOURCE FILE Test FLAG_VISIBILITY failed with the following output:
Change Dir: C:/Users/JohnD/source/repos/ghostpdl/expat/out/build/x64-Debug/CMakeFiles/CMakeTmp

Run Build Command(s):C:/Program Files (x86)/Microsoft Visual Studio/2019/Community/Common7/IDE/CommonExtensions/Microsoft/CMake/Ninja/ninja.exe cmTC_7f84a && [1/2] Building C object CMakeFiles\cmTC_7f84a.dir\src.c.obj
cl : Command line warning D9002 : ignoring unknown option '-fvisibility=hidden'
[2/2] Linking C executable cmTC_7f84a.exe


Source file was:
int main(void) { return 0; }
